0 info it worked if it ends with ok
1 verbose cli [ 'C:\\laragon\\bin\\nodejs\\node.exe',
1 verbose cli   'C:\\Users\\user\\AppData\\Roaming\\npm\\node_modules\\npm\\bin\\npm-cli.js',
1 verbose cli   'run',
1 verbose cli   'dev' ]
2 info using npm@4.1.1
3 info using node@v6.3.0
4 verbose run-script [ 'predev', 'dev', 'postdev' ]
5 info lifecycle @~predev: @
6 silly lifecycle @~predev: no script for predev, continuing
7 info lifecycle @~dev: @
8 verbose lifecycle @~dev: unsafe-perm in lifecycle true
9 verbose lifecycle @~dev: PATH: C:\Users\user\AppData\Roaming\npm\node_modules\npm\bin\node-gyp-bin;C:\laragon\www\base\node_modules\.bin;C:\Users\user\AppData\Roaming\npm;C:\laragon\bin\cmder\vendor\telnet;C:\laragon\bin\cmder\vendor\putty;C:\Users\user\AppData\Roaming\Composer\vendor\bin;C:\laragon\bin\mysql\mysql-5.7.13-win32\bin;C:\laragon\bin\php\php-7.0.9-Win32-VC14-x86;C:\laragon\bin\composer;C:\laragon\bin\apache\httpd-2.4.23-win32-VC14\bin\;C:\laragon\bin\redis\redis-2.6.12;C:\laragon\bin\memcached\memcached-1.4.5;C:\laragon\bin\nodejs;C:\laragon\bin\notepad++;C:\laragon\bin\telnet;C:\laragon\bin\sublime;C:\laragon\bin\ngrok;C:\laragon\bin\sendmail;C:\laragon\bin\winscp;C:\laragon\bin\git\bin;C:\laragon\bin\git\usr\bin;C:\laragon\bin\git\mingw32\bin;C:\laragon\bin;C:\laragon\usr\bin;C:\laragon\bin\putty;C:\laragon\bin\cmder\bin;C:\Program Files\Git\bin;C:\Program Files\Git\usr\bin;C:\Program Files\Git\usr\share\vim\vim74;C:\laragon\bin\cmder\vendor\conemu-maximus5\ConEmu\Scripts;C:\Users\user\AppData\Roaming\npm;C:\laragon\bin\cmder\vendor\telnet;C:\laragon\bin\cmder\vendor\putty;C:\Users\user\AppData\Roaming\Composer\vendor\bin;C:\laragon\bin\mysql\mysql-5.7.13-win32\bin;C:\laragon\bin\php\php-7.0.9-Win32-VC14-x86;C:\laragon\bin\composer;C:\laragon\bin\apache\httpd-2.4.23-win32-VC14\bin\;C:\laragon\bin\redis\redis-2.6.12;C:\laragon\bin\memcached\memcached-1.4.5;C:\laragon\bin\nodejs;C:\laragon\bin\notepad++;C:\laragon\bin\telnet;C:\laragon\bin\sublime;C:\laragon\bin\ngrok;C:\laragon\bin\sendmail;C:\laragon\bin\winscp;C:\laragon\bin\git\bin;C:\laragon\bin\git\usr\bin;C:\laragon\bin\git\mingw32\bin;C:\laragon\bin;C:\laragon\usr\bin;C:\laragon\bin\putty;C:\laragon\bin\cmder\bin;C:\Program Files\Git\bin;C:\Program Files\Git\usr\bin;C:\Program Files\Git\usr\share\vim\vim74;C:\laragon\bin\cmder\vendor\conemu-maximus5\ConEmu\Scripts;C:\laragon\bin\cmder\vendor\conemu-maximus5;C:\laragon\bin\cmder\vendor\conemu-maximus5\ConEmu;C:\Program Files\Common Files\Microsoft Shared\Windows Live;C:\ProgramData\Oracle\Java\javapath;C:\Program Files\Intel\iCLS Client\;C:\Windows\system32;C:\Windows;C:\Windows\System32\Wbem;C:\Windows\System32\WindowsPowerShell\v1.0\;C:\Program Files\Intel\OpenCL SDK\2.0\bin\x86;C:\wamp\bin\php\php5.3.13;C:\wamp\www\cake\app\Console\;C:\Program Files\Windows Live\Shared;C:\ProgramData\ComposerSetup\bin;C:\Program Files\Skype\Phone\;C:\Users\user\AppData\Roaming\Composer\vendor\bin;C:\Users\user\AppData\Roaming\npm;C:\laragon\bin\cmder\;;C:\laragon\bin\cmder\;
10 verbose lifecycle @~dev: CWD: C:\laragon\www\base
11 silly lifecycle @~dev: Args: [ '/d /s /c', 'npm run development' ]
12 silly lifecycle @~dev: Returned: code: 1  signal: null
13 info lifecycle @~dev: Failed to exec dev script
14 verbose stack Error: @ dev: `npm run development`
14 verbose stack Exit status 1
14 verbose stack     at EventEmitter.<anonymous> (C:\Users\user\AppData\Roaming\npm\node_modules\npm\lib\utils\lifecycle.js:279:16)
14 verbose stack     at emitTwo (events.js:106:13)
14 verbose stack     at EventEmitter.emit (events.js:191:7)
14 verbose stack     at ChildProcess.<anonymous> (C:\Users\user\AppData\Roaming\npm\node_modules\npm\lib\utils\spawn.js:40:14)
14 verbose stack     at emitTwo (events.js:106:13)
14 verbose stack     at ChildProcess.emit (events.js:191:7)
14 verbose stack     at maybeClose (internal/child_process.js:852:16)
14 verbose stack     at Process.ChildProcess._handle.onexit (internal/child_process.js:215:5)
15 verbose pkgid @
16 verbose cwd C:\laragon\www\base
17 error Windows_NT 6.1.7601
18 error argv "C:\\laragon\\bin\\nodejs\\node.exe" "C:\\Users\\user\\AppData\\Roaming\\npm\\node_modules\\npm\\bin\\npm-cli.js" "run" "dev"
19 error node v6.3.0
20 error npm  v4.1.1
21 error code ELIFECYCLE
22 error @ dev: `npm run development`
22 error Exit status 1
23 error Failed at the @ dev script 'npm run development'.
23 error Make sure you have the latest version of node.js and npm installed.
23 error If you do, this is most likely a problem with the  package,
23 error not with npm itself.
23 error Tell the author that this fails on your system:
23 error     npm run development
23 error You can get information on how to open an issue for this project with:
23 error     npm bugs
23 error Or if that isn't available, you can get their info via:
23 error     npm owner ls
23 error There is likely additional logging output above.
24 verbose exit [ 1, true ]
